2019/08/13 21:52:54 [error] 29570#29570: *1 FastCGI sent in stderr: "PHP message: PHP Warning:  require(/app/api/config/params.php): failed to open stream: No such file or directory in /app/api/config/main.php on line 14
PHP message: PHP Stack trace:
PHP message: PHP   1. {main}() /app/api/web/index.php:0
PHP message: PHP   2. require() /app/api/web/index.php:13
PHP message: PHP Fatal error:  require(): Failed opening required '/app/api/config/params.php' (include_path='.:/usr/share/php') in /app/api/config/main.php on line 14
PHP message: PHP Stack trace:
PHP message: PHP   1. {main}() /app/api/web/index.php:0
PHP message: PHP   2. require() /app/api/web/index.php:13" while reading response header from upstream, client: 192.168.83.1, server: api.kino.loc, request: "GET / HTTP/1.1", upstream: "fastcgi://unix:/var/run/php/php7.0-fpm.sock:", host: "api.kino.loc"
2019/08/13 21:53:45 [error] 29570#29570: *1 FastCGI sent in stderr: "PHP message: PHP Warning:  require(/app/api/config/params.php): failed to open stream: No such file or directory in /app/api/config/main.php on line 14
PHP message: PHP Stack trace:
PHP message: PHP   1. {main}() /app/api/web/index.php:0
PHP message: PHP   2. require() /app/api/web/index.php:13
PHP message: PHP Fatal error:  require(): Failed opening required '/app/api/config/params.php' (include_path='.:/usr/share/php') in /app/api/config/main.php on line 14
PHP message: PHP Stack trace:
PHP message: PHP   1. {main}() /app/api/web/index.php:0
PHP message: PHP   2. require() /app/api/web/index.php:13" while reading response header from upstream, client: 192.168.83.1, server: api.kino.loc, request: "GET / HTTP/1.1", upstream: "fastcgi://unix:/var/run/php/php7.0-fpm.sock:", host: "api.kino.loc"
2019/08/13 21:53:47 [error] 29570#29570: *1 FastCGI sent in stderr: "PHP message: PHP Warning:  require(/app/api/config/params.php): failed to open stream: No such file or directory in /app/api/config/main.php on line 14
PHP message: PHP Stack trace:
PHP message: PHP   1. {main}() /app/api/web/index.php:0
PHP message: PHP   2. require() /app/api/web/index.php:13
PHP message: PHP Fatal error:  require(): Failed opening required '/app/api/config/params.php' (include_path='.:/usr/share/php') in /app/api/config/main.php on line 14
PHP message: PHP Stack trace:
PHP message: PHP   1. {main}() /app/api/web/index.php:0
PHP message: PHP   2. require() /app/api/web/index.php:13" while reading response header from upstream, client: 192.168.83.1, server: api.kino.loc, request: "GET / HTTP/1.1", upstream: "fastcgi://unix:/var/run/php/php7.0-fpm.sock:", host: "api.kino.loc"
2019/08/13 21:54:12 [error] 29570#29570: *1 FastCGI sent in stderr: "PHP message: PHP Warning:  require(/app/api/config/params.php): failed to open stream: No such file or directory in /app/api/config/main.php on line 14
PHP message: PHP Stack trace:
PHP message: PHP   1. {main}() /app/api/web/index.php:0
PHP message: PHP   2. require() /app/api/web/index.php:13
PHP message: PHP Fatal error:  require(): Failed opening required '/app/api/config/params.php' (include_path='.:/usr/share/php') in /app/api/config/main.php on line 14
PHP message: PHP Stack trace:
PHP message: PHP   1. {main}() /app/api/web/index.php:0
PHP message: PHP   2. require() /app/api/web/index.php:13" while reading response header from upstream, client: 192.168.83.1, server: api.kino.loc, request: "GET / HTTP/1.1", upstream: "fastcgi://unix:/var/run/php/php7.0-fpm.sock:", host: "api.kino.loc"
2019/08/13 21:56:07 [error] 29570#29570: *10 FastCGI sent in stderr: "PHP message: PHP Warning:  require(/app/api/config/params.php): failed to open stream: No such file or directory in /app/api/config/main.php on line 14
PHP message: PHP Stack trace:
PHP message: PHP   1. {main}() /app/api/web/index.php:0
PHP message: PHP   2. require() /app/api/web/index.php:13
PHP message: PHP Fatal error:  require(): Failed opening required '/app/api/config/params.php' (include_path='.:/usr/share/php') in /app/api/config/main.php on line 14
PHP message: PHP Stack trace:
PHP message: PHP   1. {main}() /app/api/web/index.php:0
PHP message: PHP   2. require() /app/api/web/index.php:13" while reading response header from upstream, client: 192.168.83.1, server: api.kino.loc, request: "GET / HTTP/1.1", upstream: "fastcgi://unix:/var/run/php/php7.0-fpm.sock:", host: "api.kino.loc"
2019/08/13 21:56:15 [error] 29570#29570: *10 FastCGI sent in stderr: "PHP message: PHP Warning:  require(/app/api/config/params.php): failed to open stream: No such file or directory in /app/api/config/main.php on line 14
PHP message: PHP Stack trace:
PHP message: PHP   1. {main}() /app/api/web/index.php:0
PHP message: PHP   2. require() /app/api/web/index.php:13
PHP message: PHP Fatal error:  require(): Failed opening required '/app/api/config/params.php' (include_path='.:/usr/share/php') in /app/api/config/main.php on line 14
PHP message: PHP Stack trace:
PHP message: PHP   1. {main}() /app/api/web/index.php:0
PHP message: PHP   2. require() /app/api/web/index.php:13" while reading response header from upstream, client: 192.168.83.1, server: api.kino.loc, request: "GET / HTTP/1.1", upstream: "fastcgi://unix:/var/run/php/php7.0-fpm.sock:", host: "api.kino.loc"
2019/08/13 21:59:02 [error] 29570#29570: *34 FastCGI sent in stderr: "PHP message: PHP Warning:  require(/app/api/config/params.php): failed to open stream: No such file or directory in /app/api/config/main.php on line 14
PHP message: PHP Stack trace:
PHP message: PHP   1. {main}() /app/api/web/index.php:0
PHP message: PHP   2. require() /app/api/web/index.php:13
PHP message: PHP Fatal error:  require(): Failed opening required '/app/api/config/params.php' (include_path='.:/usr/share/php') in /app/api/config/main.php on line 14
PHP message: PHP Stack trace:
PHP message: PHP   1. {main}() /app/api/web/index.php:0
PHP message: PHP   2. require() /app/api/web/index.php:13" while reading response header from upstream, client: 192.168.83.1, server: api.kino.loc, request: "GET / HTTP/1.1", upstream: "fastcgi://unix:/var/run/php/php7.0-fpm.sock:", host: "api.kino.loc"
2019/08/13 21:59:03 [error] 29570#29570: *34 FastCGI sent in stderr: "PHP message: PHP Warning:  require(/app/api/config/params.php): failed to open stream: No such file or directory in /app/api/config/main.php on line 14
PHP message: PHP Stack trace:
PHP message: PHP   1. {main}() /app/api/web/index.php:0
PHP message: PHP   2. require() /app/api/web/index.php:13
PHP message: PHP Fatal error:  require(): Failed opening required '/app/api/config/params.php' (include_path='.:/usr/share/php') in /app/api/config/main.php on line 14
PHP message: PHP Stack trace:
PHP message: PHP   1. {main}() /app/api/web/index.php:0
PHP message: PHP   2. require() /app/api/web/index.php:13" while reading response header from upstream, client: 192.168.83.1, server: api.kino.loc, request: "GET / HTTP/1.1", upstream: "fastcgi://unix:/var/run/php/php7.0-fpm.sock:", host: "api.kino.loc"
2019/08/13 21:59:04 [error] 29570#29570: *34 FastCGI sent in stderr: "PHP message: PHP Warning:  require(/app/api/config/params.php): failed to open stream: No such file or directory in /app/api/config/main.php on line 14
PHP message: PHP Stack trace:
PHP message: PHP   1. {main}() /app/api/web/index.php:0
PHP message: PHP   2. require() /app/api/web/index.php:13
PHP message: PHP Fatal error:  require(): Failed opening required '/app/api/config/params.php' (include_path='.:/usr/share/php') in /app/api/config/main.php on line 14
PHP message: PHP Stack trace:
PHP message: PHP   1. {main}() /app/api/web/index.php:0
PHP message: PHP   2. require() /app/api/web/index.php:13" while reading response header from upstream, client: 192.168.83.1, server: api.kino.loc, request: "GET / HTTP/1.1", upstream: "fastcgi://unix:/var/run/php/php7.0-fpm.sock:", host: "api.kino.loc"
2019/08/13 21:59:05 [error] 29570#29570: *34 FastCGI sent in stderr: "PHP message: PHP Warning:  require(/app/api/config/params.php): failed to open stream: No such file or directory in /app/api/config/main.php on line 14
PHP message: PHP Stack trace:
PHP message: PHP   1. {main}() /app/api/web/index.php:0
PHP message: PHP   2. require() /app/api/web/index.php:13
PHP message: PHP Fatal error:  require(): Failed opening required '/app/api/config/params.php' (include_path='.:/usr/share/php') in /app/api/config/main.php on line 14
PHP message: PHP Stack trace:
PHP message: PHP   1. {main}() /app/api/web/index.php:0
PHP message: PHP   2. require() /app/api/web/index.php:13" while reading response header from upstream, client: 192.168.83.1, server: api.kino.loc, request: "GET / HTTP/1.1", upstream: "fastcgi://unix:/var/run/php/php7.0-fpm.sock:", host: "api.kino.loc"
2019/08/13 21:59:17 [error] 29570#29570: *34 FastCGI sent in stderr: "PHP message: PHP Warning:  require(/app/api/config/params.php): failed to open stream: No such file or directory in /app/api/config/main.php on line 14
PHP message: PHP Stack trace:
PHP message: PHP   1. {main}() /app/api/web/index.php:0
PHP message: PHP   2. require() /app/api/web/index.php:13
PHP message: PHP Fatal error:  require(): Failed opening required '/app/api/config/params.php' (include_path='.:/usr/share/php') in /app/api/config/main.php on line 14
PHP message: PHP Stack trace:
PHP message: PHP   1. {main}() /app/api/web/index.php:0
PHP message: PHP   2. require() /app/api/web/index.php:13" while reading response header from upstream, client: 192.168.83.1, server: api.kino.loc, request: "GET / HTTP/1.1", upstream: "fastcgi://unix:/var/run/php/php7.0-fpm.sock:", host: "api.kino.loc"
2019/08/13 22:00:56 [error] 29570#29570: *56 FastCGI sent in stderr: "PHP message: PHP Fatal error:  Uncaught yii\di\NotInstantiableException: Can not instantiate yii\base\ErrorHandler. in /app/vendor/yiisoft/yii2/di/Container.php:373
Stack trace:
#0 /app/vendor/yiisoft/yii2/di/Container.php(156): yii\di\Container->build('yii\\base\\ErrorH...', Array, Array)
#1 /app/vendor/yiisoft/yii2/BaseYii.php(349): yii\di\Container->get('yii\\base\\ErrorH...', Array, Array)
#2 /app/vendor/yiisoft/yii2/di/ServiceLocator.php(137): yii\BaseYii::createObject(Array)
#3 /app/vendor/yiisoft/yii2/base/Module.php(742): yii\di\ServiceLocator->get('errorHandler', true)
#4 /app/vendor/yiisoft/yii2/web/Application.php(151): yii\base\Module->get('errorHandler')
#5 /app/vendor/yiisoft/yii2/base/Application.php(347): yii\web\Application->getErrorHandler()
#6 /app/vendor/yiisoft/yii2/base/Application.php(204): yii\base\Application->registerErrorHandler(Array)
#7 /app/api/web/index.php(17): yii\base\Application->__construct(Array)
#8 {main}
  thrown in /app/vendor/yiisoft/yii2/di/Container.php on line 373" while reading response header from upstream, client: 192.168.83.1, server: api.kino.loc, request: "GET / HTTP/1.1", upstream: "fastcgi://unix:/var/run/php/php7.0-fpm.sock:", host: "api.kino.loc"
2019/08/13 22:01:18 [error] 29570#29570: *56 FastCGI sent in stderr: "PHP message: PHP Fatal error:  Uncaught yii\di\NotInstantiableException: Can not instantiate yii\base\ErrorHandler. in /app/vendor/yiisoft/yii2/di/Container.php:373
Stack trace:
#0 /app/vendor/yiisoft/yii2/di/Container.php(156): yii\di\Container->build('yii\\base\\ErrorH...', Array, Array)
#1 /app/vendor/yiisoft/yii2/BaseYii.php(349): yii\di\Container->get('yii\\base\\ErrorH...', Array, Array)
#2 /app/vendor/yiisoft/yii2/di/ServiceLocator.php(137): yii\BaseYii::createObject(Array)
#3 /app/vendor/yiisoft/yii2/base/Module.php(742): yii\di\ServiceLocator->get('errorHandler', true)
#4 /app/vendor/yiisoft/yii2/web/Application.php(151): yii\base\Module->get('errorHandler')
#5 /app/vendor/yiisoft/yii2/base/Application.php(347): yii\web\Application->getErrorHandler()
#6 /app/vendor/yiisoft/yii2/base/Application.php(204): yii\base\Application->registerErrorHandler(Array)
#7 /app/api/web/index.php(17): yii\base\Application->__construct(Array)
#8 {main}
  thrown in /app/vendor/yiisoft/yii2/di/Container.php on line 373" while reading response header from upstream, client: 192.168.83.1, server: api.kino.loc, request: "GET / HTTP/1.1", upstream: "fastcgi://unix:/var/run/php/php7.0-fpm.sock:", host: "api.kino.loc"
2019/08/13 22:02:49 [error] 29570#29570: *62 FastCGI sent in stderr: "PHP message: PHP Fatal error:  Uncaught yii\di\NotInstantiableException: Can not instantiate yii\base\ErrorHandler. in /app/vendor/yiisoft/yii2/di/Container.php:373
Stack trace:
#0 /app/vendor/yiisoft/yii2/di/Container.php(156): yii\di\Container->build('yii\\base\\ErrorH...', Array, Array)
#1 /app/vendor/yiisoft/yii2/BaseYii.php(349): yii\di\Container->get('yii\\base\\ErrorH...', Array, Array)
#2 /app/vendor/yiisoft/yii2/di/ServiceLocator.php(137): yii\BaseYii::createObject(Array)
#3 /app/vendor/yiisoft/yii2/base/Module.php(742): yii\di\ServiceLocator->get('errorHandler', true)
#4 /app/vendor/yiisoft/yii2/web/Application.php(151): yii\base\Module->get('errorHandler')
#5 /app/vendor/yiisoft/yii2/base/Application.php(347): yii\web\Application->getErrorHandler()
#6 /app/vendor/yiisoft/yii2/base/Application.php(204): yii\base\Application->registerErrorHandler(Array)
#7 /app/api/web/index.php(17): yii\base\Application->__construct(Array)
#8 {main}
  thrown in /app/vendor/yiisoft/yii2/di/Container.php on line 373" while reading response header from upstream, client: 192.168.83.1, server: api.kino.loc, request: "GET / HTTP/1.1", upstream: "fastcgi://unix:/var/run/php/php7.0-fpm.sock:", host: "api.kino.loc"
2019/08/13 22:02:50 [error] 29570#29570: *62 FastCGI sent in stderr: "PHP message: PHP Fatal error:  Uncaught yii\di\NotInstantiableException: Can not instantiate yii\base\ErrorHandler. in /app/vendor/yiisoft/yii2/di/Container.php:373
Stack trace:
#0 /app/vendor/yiisoft/yii2/di/Container.php(156): yii\di\Container->build('yii\\base\\ErrorH...', Array, Array)
#1 /app/vendor/yiisoft/yii2/BaseYii.php(349): yii\di\Container->get('yii\\base\\ErrorH...', Array, Array)
#2 /app/vendor/yiisoft/yii2/di/ServiceLocator.php(137): yii\BaseYii::createObject(Array)
#3 /app/vendor/yiisoft/yii2/base/Module.php(742): yii\di\ServiceLocator->get('errorHandler', true)
#4 /app/vendor/yiisoft/yii2/web/Application.php(151): yii\base\Module->get('errorHandler')
#5 /app/vendor/yiisoft/yii2/base/Application.php(347): yii\web\Application->getErrorHandler()
#6 /app/vendor/yiisoft/yii2/base/Application.php(204): yii\base\Application->registerErrorHandler(Array)
#7 /app/api/web/index.php(17): yii\base\Application->__construct(Array)
#8 {main}
  thrown in /app/vendor/yiisoft/yii2/di/Container.php on line 373" while reading response header from upstream, client: 192.168.83.1, server: api.kino.loc, request: "GET / HTTP/1.1", upstream: "fastcgi://unix:/var/run/php/php7.0-fpm.sock:", host: "api.kino.loc"
2019/08/13 22:02:56 [error] 29570#29570: *62 FastCGI sent in stderr: "PHP message: PHP Fatal error:  Uncaught yii\di\NotInstantiableException: Can not instantiate yii\base\ErrorHandler. in /app/vendor/yiisoft/yii2/di/Container.php:373
Stack trace:
#0 /app/vendor/yiisoft/yii2/di/Container.php(156): yii\di\Container->build('yii\\base\\ErrorH...', Array, Array)
#1 /app/vendor/yiisoft/yii2/BaseYii.php(349): yii\di\Container->get('yii\\base\\ErrorH...', Array, Array)
#2 /app/vendor/yiisoft/yii2/di/ServiceLocator.php(137): yii\BaseYii::createObject(Array)
#3 /app/vendor/yiisoft/yii2/base/Module.php(742): yii\di\ServiceLocator->get('errorHandler', true)
#4 /app/vendor/yiisoft/yii2/web/Application.php(151): yii\base\Module->get('errorHandler')
#5 /app/vendor/yiisoft/yii2/base/Application.php(347): yii\web\Application->getErrorHandler()
#6 /app/vendor/yiisoft/yii2/base/Application.php(204): yii\base\Application->registerErrorHandler(Array)
#7 /app/api/web/index.php(17): yii\base\Application->__construct(Array)
#8 {main}
  thrown in /app/vendor/yiisoft/yii2/di/Container.php on line 373" while reading response header from upstream, client: 192.168.83.1, server: api.kino.loc, request: "GET / HTTP/1.1", upstream: "fastcgi://unix:/var/run/php/php7.0-fpm.sock:", host: "api.kino.loc"
2019/08/13 22:02:57 [error] 29570#29570: *62 FastCGI sent in stderr: "PHP message: PHP Fatal error:  Uncaught yii\di\NotInstantiableException: Can not instantiate yii\base\ErrorHandler. in /app/vendor/yiisoft/yii2/di/Container.php:373
Stack trace:
#0 /app/vendor/yiisoft/yii2/di/Container.php(156): yii\di\Container->build('yii\\base\\ErrorH...', Array, Array)
#1 /app/vendor/yiisoft/yii2/BaseYii.php(349): yii\di\Container->get('yii\\base\\ErrorH...', Array, Array)
#2 /app/vendor/yiisoft/yii2/di/ServiceLocator.php(137): yii\BaseYii::createObject(Array)
#3 /app/vendor/yiisoft/yii2/base/Module.php(742): yii\di\ServiceLocator->get('errorHandler', true)
#4 /app/vendor/yiisoft/yii2/web/Application.php(151): yii\base\Module->get('errorHandler')
#5 /app/vendor/yiisoft/yii2/base/Application.php(347): yii\web\Application->getErrorHandler()
#6 /app/vendor/yiisoft/yii2/base/Application.php(204): yii\base\Application->registerErrorHandler(Array)
#7 /app/api/web/index.php(17): yii\base\Application->__construct(Array)
#8 {main}
  thrown in /app/vendor/yiisoft/yii2/di/Container.php on line 373" while reading response header from upstream, client: 192.168.83.1, server: api.kino.loc, request: "GET / HTTP/1.1", upstream: "fastcgi://unix:/var/run/php/php7.0-fpm.sock:", host: "api.kino.loc"
2019/08/13 22:04:00 [error] 29570#29570: *62 FastCGI sent in stderr: "PHP message: PHP Fatal error:  Uncaught yii\di\NotInstantiableException: Can not instantiate yii\base\ErrorHandler. in /app/vendor/yiisoft/yii2/di/Container.php:373
Stack trace:
#0 /app/vendor/yiisoft/yii2/di/Container.php(156): yii\di\Container->build('yii\\base\\ErrorH...', Array, Array)
#1 /app/vendor/yiisoft/yii2/BaseYii.php(349): yii\di\Container->get('yii\\base\\ErrorH...', Array, Array)
#2 /app/vendor/yiisoft/yii2/di/ServiceLocator.php(137): yii\BaseYii::createObject(Array)
#3 /app/vendor/yiisoft/yii2/base/Module.php(742): yii\di\ServiceLocator->get('errorHandler', true)
#4 /app/vendor/yiisoft/yii2/web/Application.php(151): yii\base\Module->get('errorHandler')
#5 /app/vendor/yiisoft/yii2/base/Application.php(347): yii\web\Application->getErrorHandler()
#6 /app/vendor/yiisoft/yii2/base/Application.php(204): yii\base\Application->registerErrorHandler(Array)
#7 /app/api/web/index.php(17): yii\base\Application->__construct(Array)
#8 {main}
  thrown in /app/vendor/yiisoft/yii2/di/Container.php on line 373" while reading response header from upstream, client: 192.168.83.1, server: api.kino.loc, request: "GET / HTTP/1.1", upstream: "fastcgi://unix:/var/run/php/php7.0-fpm.sock:", host: "api.kino.loc"
2019/08/13 22:04:13 [error] 29570#29570: *62 FastCGI sent in stderr: "PHP message: PHP Fatal error:  Uncaught yii\di\NotInstantiableException: Can not instantiate yii\base\ErrorHandler. in /app/vendor/yiisoft/yii2/di/Container.php:373
Stack trace:
#0 /app/vendor/yiisoft/yii2/di/Container.php(156): yii\di\Container->build('yii\\base\\ErrorH...', Array, Array)
#1 /app/vendor/yiisoft/yii2/BaseYii.php(349): yii\di\Container->get('yii\\base\\ErrorH...', Array, Array)
#2 /app/vendor/yiisoft/yii2/di/ServiceLocator.php(137): yii\BaseYii::createObject(Array)
#3 /app/vendor/yiisoft/yii2/base/Module.php(742): yii\di\ServiceLocator->get('errorHandler', true)
#4 /app/vendor/yiisoft/yii2/web/Application.php(151): yii\base\Module->get('errorHandler')
#5 /app/vendor/yiisoft/yii2/base/Application.php(347): yii\web\Application->getErrorHandler()
#6 /app/vendor/yiisoft/yii2/base/Application.php(204): yii\base\Application->registerErrorHandler(Array)
#7 /app/api/web/index.php(17): yii\base\Application->__construct(Array)
#8 {main}
  thrown in /app/vendor/yiisoft/yii2/di/Container.php on line 373" while reading response header from upstream, client: 192.168.83.1, server: api.kino.loc, request: "GET / HTTP/1.1", upstream: "fastcgi://unix:/var/run/php/php7.0-fpm.sock:", host: "api.kino.loc"
2019/08/13 22:04:18 [error] 29570#29570: *62 FastCGI sent in stderr: "PHP message: PHP Fatal error:  Uncaught yii\di\NotInstantiableException: Can not instantiate yii\base\ErrorHandler. in /app/vendor/yiisoft/yii2/di/Container.php:373
Stack trace:
#0 /app/vendor/yiisoft/yii2/di/Container.php(156): yii\di\Container->build('yii\\base\\ErrorH...', Array, Array)
#1 /app/vendor/yiisoft/yii2/BaseYii.php(349): yii\di\Container->get('yii\\base\\ErrorH...', Array, Array)
#2 /app/vendor/yiisoft/yii2/di/ServiceLocator.php(137): yii\BaseYii::createObject(Array)
#3 /app/vendor/yiisoft/yii2/base/Module.php(742): yii\di\ServiceLocator->get('errorHandler', true)
#4 /app/vendor/yiisoft/yii2/web/Application.php(151): yii\base\Module->get('errorHandler')
#5 /app/vendor/yiisoft/yii2/base/Application.php(347): yii\web\Application->getErrorHandler()
#6 /app/vendor/yiisoft/yii2/base/Application.php(204): yii\base\Application->registerErrorHandler(Array)
#7 /app/api/web/index.php(17): yii\base\Application->__construct(Array)
#8 {main}
  thrown in /app/vendor/yiisoft/yii2/di/Container.php on line 373" while reading response header from upstream, client: 192.168.83.1, server: api.kino.loc, request: "GET / HTTP/1.1", upstream: "fastcgi://unix:/var/run/php/php7.0-fpm.sock:", host: "api.kino.loc"
